2022-08-05 18:38:55.639  INFO 81396 --- [main] com.eagle.DemoApplication                : Starting DemoApplication using Java 18.0.1.1 on LAPTOP-EA4JDAE9 with PID 81396 (C:\zzgit1\springboot-demo3\target\classes started by song6 in C:\zzgit1\springboot-demo3)
2022-08-05 18:38:55.642  INFO 81396 --- [main] com.eagle.DemoApplication                : No active profile set, falling back to 1 default profile: "default"
2022-08-05 18:38:57.130  INFO 81396 --- [main] o.s.b.w.embedded.tomcat.TomcatWebServer  : Tomcat initialized with port(s): 80 (http)
2022-08-05 18:38:57.143  INFO 81396 --- [main] o.apache.catalina.core.StandardService   : Starting service [Tomcat]
2022-08-05 18:38:57.144  INFO 81396 --- [main] org.apache.catalina.core.StandardEngine  : Starting Servlet engine: [Apache Tomcat/9.0.65]
2022-08-05 18:38:57.257  INFO 81396 --- [main] o.a.c.c.C.[Tomcat].[localhost].[/]       : Initializing Spring embedded WebApplicationContext
2022-08-05 18:38:57.257  INFO 81396 --- [main] w.s.c.ServletWebServerApplicationContext : Root WebApplicationContext: initialization completed in 1539 ms
2022-08-05 18:38:57.911  INFO 81396 --- [main] o.s.b.w.embedded.tomcat.TomcatWebServer  : Tomcat started on port(s): 80 (http) with context path ''
2022-08-05 18:38:57.924  INFO 81396 --- [main] com.eagle.DemoApplication                : Started DemoApplication in 2.95 seconds (JVM running for 3.484)
2022-08-05 18:39:16.264  INFO 81396 --- [http-nio-80-exec-1] o.a.c.c.C.[Tomcat].[localhost].[/]       : Initializing Spring DispatcherServlet 'dispatcherServlet'
2022-08-05 18:39:16.265  INFO 81396 --- [http-nio-80-exec-1] o.s.web.servlet.DispatcherServlet        : Initializing Servlet 'dispatcherServlet'
2022-08-05 18:39:16.265  INFO 81396 --- [http-nio-80-exec-1] o.s.web.servlet.DispatcherServlet        : Completed initialization in 0 ms
2022-08-05 18:39:16.298  WARN 81396 --- [http-nio-80-exec-1] com.eagle.controller.BookcController     : warn...
2022-08-05 18:39:16.298 ERROR 81396 --- [http-nio-80-exec-1] com.eagle.controller.BookcController     : error...
2022-08-05 18:39:17.104  WARN 81396 --- [http-nio-80-exec-2] com.eagle.controller.BookcController     : warn...
2022-08-05 18:39:17.105 ERROR 81396 --- [http-nio-80-exec-2] com.eagle.controller.BookcController     : error...
2022-08-05 18:39:17.750  WARN 81396 --- [http-nio-80-exec-5] com.eagle.controller.BookcController     : warn...
2022-08-05 18:39:17.751 ERROR 81396 --- [http-nio-80-exec-5] com.eagle.controller.BookcController     : error...
2022-08-05 18:39:18.322  WARN 81396 --- [http-nio-80-exec-3] com.eagle.controller.BookcController     : warn...
2022-08-05 18:39:18.322 ERROR 81396 --- [http-nio-80-exec-3] com.eagle.controller.BookcController     : error...
2022-08-05 18:39:19.579  WARN 81396 --- [http-nio-80-exec-7] com.eagle.controller.BookcController     : warn...
2022-08-05 18:39:19.580 ERROR 81396 --- [http-nio-80-exec-7] com.eagle.controller.BookcController     : error...
2022-08-05 18:39:20.035  WARN 81396 --- [http-nio-80-exec-9] com.eagle.controller.BookcController     : warn...
2022-08-05 18:39:20.036 ERROR 81396 --- [http-nio-80-exec-9] com.eagle.controller.BookcController     : error...
2022-08-05 18:39:20.421  WARN 81396 --- [http-nio-80-exec-8] com.eagle.controller.BookcController     : warn...
2022-08-05 18:39:20.422 ERROR 81396 --- [http-nio-80-exec-8] com.eagle.controller.BookcController     : error...
2022-08-05 18:39:20.763  WARN 81396 --- [http-nio-80-exec-10] com.eagle.controller.BookcController     : warn...
2022-08-05 18:39:20.764 ERROR 81396 --- [http-nio-80-exec-10] com.eagle.controller.BookcController     : error...
2022-08-05 18:39:21.042  WARN 81396 --- [http-nio-80-exec-1] com.eagle.controller.BookcController     : warn...
2022-08-05 18:39:21.042 ERROR 81396 --- [http-nio-80-exec-1] com.eagle.controller.BookcController     : error...
2022-08-05 18:39:21.267  WARN 81396 --- [http-nio-80-exec-2] com.eagle.controller.BookcController     : warn...
2022-08-05 18:39:21.267 ERROR 81396 --- [http-nio-80-exec-2] com.eagle.controller.BookcController     : error...
2022-08-05 18:39:21.453  WARN 81396 --- [http-nio-80-exec-5] com.eagle.controller.BookcController     : warn...
2022-08-05 18:39:21.453 ERROR 81396 --- [http-nio-80-exec-5] com.eagle.controller.BookcController     : error...
2022-08-05 18:39:21.621  WARN 81396 --- [http-nio-80-exec-3] com.eagle.controller.BookcController     : warn...
2022-08-05 18:39:21.622 ERROR 81396 --- [http-nio-80-exec-3] com.eagle.controller.BookcController     : error...
2022-08-05 18:39:21.799  WARN 81396 --- [http-nio-80-exec-4] com.eagle.controller.BookcController     : warn...
2022-08-05 18:39:21.799 ERROR 81396 --- [http-nio-80-exec-4] com.eagle.controller.BookcController     : error...
2022-08-05 18:39:21.969  WARN 81396 --- [http-nio-80-exec-6] com.eagle.controller.BookcController     : warn...
2022-08-05 18:39:21.970 ERROR 81396 --- [http-nio-80-exec-6] com.eagle.controller.BookcController     : error...
2022-08-05 18:39:22.154  WARN 81396 --- [http-nio-80-exec-7] com.eagle.controller.BookcController     : warn...
2022-08-05 18:39:22.154 ERROR 81396 --- [http-nio-80-exec-7] com.eagle.controller.BookcController     : error...
2022-08-05 18:39:22.339  WARN 81396 --- [http-nio-80-exec-9] com.eagle.controller.BookcController     : warn...
2022-08-05 18:39:22.340 ERROR 81396 --- [http-nio-80-exec-9] com.eagle.controller.BookcController     : error...
2022-08-05 18:39:22.525  WARN 81396 --- [http-nio-80-exec-8] com.eagle.controller.BookcController     : warn...
2022-08-05 18:39:22.525 ERROR 81396 --- [http-nio-80-exec-8] com.eagle.controller.BookcController     : error...
2022-08-05 18:39:22.717  WARN 81396 --- [http-nio-80-exec-10] com.eagle.controller.BookcController     : warn...
2022-08-05 18:39:22.717 ERROR 81396 --- [http-nio-80-exec-10] com.eagle.controller.BookcController     : error...
2022-08-05 18:39:22.937  WARN 81396 --- [http-nio-80-exec-1] com.eagle.controller.BookcController     : warn...
2022-08-05 18:39:22.937 ERROR 81396 --- [http-nio-80-exec-1] com.eagle.controller.BookcController     : error...
2022-08-05 18:39:23.152  WARN 81396 --- [http-nio-80-exec-2] com.eagle.controller.BookcController     : warn...
2022-08-05 18:39:23.153 ERROR 81396 --- [http-nio-80-exec-2] com.eagle.controller.BookcController     : error...
2022-08-05 18:39:23.349  WARN 81396 --- [http-nio-80-exec-5] com.eagle.controller.BookcController     : warn...
2022-08-05 18:39:23.349 ERROR 81396 --- [http-nio-80-exec-5] com.eagle.controller.BookcController     : error...
2022-08-05 18:39:23.550  WARN 81396 --- [http-nio-80-exec-3] com.eagle.controller.BookcController     : warn...
2022-08-05 18:39:23.551 ERROR 81396 --- [http-nio-80-exec-3] com.eagle.controller.BookcController     : error...
2022-08-05 18:39:28.492  INFO 81396 --- [SpringApplicationShutdownHook] com.alibaba.druid.pool.DruidDataSource   : {dataSource-0} closing ...
2022-08-05 20:49:54.760  INFO 46072 --- [restartedMain] com.eagle.DemoApplication                : Starting DemoApplication using Java 18.0.1.1 on LAPTOP-EA4JDAE9 with PID 46072 (C:\zzgit1\springboot-demo3\target\classes started by song6 in C:\zzgit1\springboot-demo3)
2022-08-05 20:49:54.762  INFO 46072 --- [restartedMain] com.eagle.DemoApplication                : No active profile set, falling back to 1 default profile: "default"
2022-08-05 20:49:54.845  INFO 46072 --- [restartedMain] .e.DevToolsPropertyDefaultsPostProcessor : Devtools property defaults active! Set 'spring.devtools.add-properties' to 'false' to disable
2022-08-05 20:49:54.846  INFO 46072 --- [restartedMain] .e.DevToolsPropertyDefaultsPostProcessor : For additional web related logging consider setting the 'logging.level.web' property to 'DEBUG'
2022-08-05 20:49:56.942  INFO 46072 --- [restartedMain] o.s.b.w.embedded.tomcat.TomcatWebServer  : Tomcat initialized with port(s): 80 (http)
2022-08-05 20:49:56.962  INFO 46072 --- [restartedMain] o.apache.catalina.core.StandardService   : Starting service [Tomcat]
2022-08-05 20:49:56.963  INFO 46072 --- [restartedMain] org.apache.catalina.core.StandardEngine  : Starting Servlet engine: [Apache Tomcat/9.0.65]
2022-08-05 20:49:57.101  INFO 46072 --- [restartedMain] o.a.c.c.C.[Tomcat].[localhost].[/]       : Initializing Spring embedded WebApplicationContext
2022-08-05 20:49:57.102  INFO 46072 --- [restartedMain] w.s.c.ServletWebServerApplicationContext : Root WebApplicationContext: initialization completed in 2256 ms
2022-08-05 20:49:58.364  INFO 46072 --- [restartedMain] o.s.b.d.a.OptionalLiveReloadServer       : LiveReload server is running on port 35729
2022-08-05 20:49:58.478  INFO 46072 --- [restartedMain] o.s.b.w.embedded.tomcat.TomcatWebServer  : Tomcat started on port(s): 80 (http) with context path ''
2022-08-05 20:49:58.501  INFO 46072 --- [restartedMain] com.eagle.DemoApplication                : Started DemoApplication in 4.429 seconds (JVM running for 5.714)
2022-08-05 20:50:23.073  INFO 46072 --- [http-nio-80-exec-1] o.a.c.c.C.[Tomcat].[localhost].[/]       : Initializing Spring DispatcherServlet 'dispatcherServlet'
2022-08-05 20:50:23.075  INFO 46072 --- [http-nio-80-exec-1] o.s.web.servlet.DispatcherServlet        : Initializing Servlet 'dispatcherServlet'
2022-08-05 20:50:23.078  INFO 46072 --- [http-nio-80-exec-1] o.s.web.servlet.DispatcherServlet        : Completed initialization in 3 ms
2022-08-05 20:50:23.124  WARN 46072 --- [http-nio-80-exec-1] com.eagle.controller.BookcController     : warn...
2022-08-05 20:50:23.125 ERROR 46072 --- [http-nio-80-exec-1] com.eagle.controller.BookcController     : error...
2022-08-05 20:50:44.520  INFO 46072 --- [Thread-5] com.alibaba.druid.pool.DruidDataSource   : {dataSource-0} closing ...
2022-08-05 20:50:44.742  INFO 46072 --- [restartedMain] com.eagle.DemoApplication                : Starting DemoApplication using Java 18.0.1.1 on LAPTOP-EA4JDAE9 with PID 46072 (C:\zzgit1\springboot-demo3\target\classes started by song6 in C:\zzgit1\springboot-demo3)
2022-08-05 20:50:44.743  INFO 46072 --- [restartedMain] com.eagle.DemoApplication                : No active profile set, falling back to 1 default profile: "default"
2022-08-05 20:50:45.477  INFO 46072 --- [restartedMain] o.s.b.w.embedded.tomcat.TomcatWebServer  : Tomcat initialized with port(s): 80 (http)
2022-08-05 20:50:45.479  INFO 46072 --- [restartedMain] o.apache.catalina.core.StandardService   : Starting service [Tomcat]
2022-08-05 20:50:45.480  INFO 46072 --- [restartedMain] org.apache.catalina.core.StandardEngine  : Starting Servlet engine: [Apache Tomcat/9.0.65]
2022-08-05 20:50:45.532  INFO 46072 --- [restartedMain] o.a.c.c.C.[Tomcat].[localhost].[/]       : Initializing Spring embedded WebApplicationContext
2022-08-05 20:50:45.533  INFO 46072 --- [restartedMain] w.s.c.ServletWebServerApplicationContext : Root WebApplicationContext: initialization completed in 779 ms
2022-08-05 20:50:45.805  INFO 46072 --- [restartedMain] o.s.b.d.a.OptionalLiveReloadServer       : LiveReload server is running on port 35729
2022-08-05 20:50:45.825  INFO 46072 --- [restartedMain] o.s.b.w.embedded.tomcat.TomcatWebServer  : Tomcat started on port(s): 80 (http) with context path ''
2022-08-05 20:50:45.833  INFO 46072 --- [restartedMain] com.eagle.DemoApplication                : Started DemoApplication in 1.196 seconds (JVM running for 53.046)
2022-08-05 20:50:45.837  INFO 46072 --- [restartedMain] .ConditionEvaluationDeltaLoggingListener : Condition evaluation unchanged
2022-08-05 20:50:48.272  INFO 46072 --- [Thread-7] com.alibaba.druid.pool.DruidDataSource   : {dataSource-0} closing ...
2022-08-05 20:50:48.401  INFO 46072 --- [restartedMain] com.eagle.DemoApplication                : Starting DemoApplication using Java 18.0.1.1 on LAPTOP-EA4JDAE9 with PID 46072 (C:\zzgit1\springboot-demo3\target\classes started by song6 in C:\zzgit1\springboot-demo3)
2022-08-05 20:50:48.401  INFO 46072 --- [restartedMain] com.eagle.DemoApplication                : No active profile set, falling back to 1 default profile: "default"
2022-08-05 20:50:48.958  INFO 46072 --- [restartedMain] o.s.b.w.embedded.tomcat.TomcatWebServer  : Tomcat initialized with port(s): 80 (http)
2022-08-05 20:50:48.959  INFO 46072 --- [restartedMain] o.apache.catalina.core.StandardService   : Starting service [Tomcat]
2022-08-05 20:50:48.961  INFO 46072 --- [restartedMain] org.apache.catalina.core.StandardEngine  : Starting Servlet engine: [Apache Tomcat/9.0.65]
2022-08-05 20:50:49.000  INFO 46072 --- [restartedMain] o.a.c.c.C.[Tomcat].[localhost].[/]       : Initializing Spring embedded WebApplicationContext
2022-08-05 20:50:49.001  INFO 46072 --- [restartedMain] w.s.c.ServletWebServerApplicationContext : Root WebApplicationContext: initialization completed in 594 ms
2022-08-05 20:50:49.234  INFO 46072 --- [restartedMain] o.s.b.d.a.OptionalLiveReloadServer       : LiveReload server is running on port 35729
2022-08-05 20:50:49.255  INFO 46072 --- [restartedMain] o.s.b.w.embedded.tomcat.TomcatWebServer  : Tomcat started on port(s): 80 (http) with context path ''
2022-08-05 20:50:49.261  INFO 46072 --- [restartedMain] com.eagle.DemoApplication                : Started DemoApplication in 0.917 seconds (JVM running for 56.474)
2022-08-05 20:50:49.263  INFO 46072 --- [restartedMain] .ConditionEvaluationDeltaLoggingListener : Condition evaluation unchanged
2022-08-05 20:50:52.807  INFO 46072 --- [http-nio-80-exec-3] o.a.c.c.C.[Tomcat].[localhost].[/]       : Initializing Spring DispatcherServlet 'dispatcherServlet'
2022-08-05 20:50:52.808  INFO 46072 --- [http-nio-80-exec-3] o.s.web.servlet.DispatcherServlet        : Initializing Servlet 'dispatcherServlet'
2022-08-05 20:50:52.808  INFO 46072 --- [http-nio-80-exec-3] o.s.web.servlet.DispatcherServlet        : Completed initialization in 0 ms
2022-08-05 20:50:52.812  WARN 46072 --- [http-nio-80-exec-3] com.eagle.controller.BookcController     : warn...
2022-08-05 20:50:52.813 ERROR 46072 --- [http-nio-80-exec-3] com.eagle.controller.BookcController     : error...
2022-08-05 20:51:16.867  INFO 46072 --- [Thread-11] com.alibaba.druid.pool.DruidDataSource   : {dataSource-0} closing ...
2022-08-05 20:51:16.996  INFO 46072 --- [restartedMain] com.eagle.DemoApplication                : Starting DemoApplication using Java 18.0.1.1 on LAPTOP-EA4JDAE9 with PID 46072 (C:\zzgit1\springboot-demo3\target\classes started by song6 in C:\zzgit1\springboot-demo3)
2022-08-05 20:51:16.996  INFO 46072 --- [restartedMain] com.eagle.DemoApplication                : No active profile set, falling back to 1 default profile: "default"
2022-08-05 20:51:17.667  INFO 46072 --- [restartedMain] o.s.b.w.embedded.tomcat.TomcatWebServer  : Tomcat initialized with port(s): 80 (http)
2022-08-05 20:51:17.669  INFO 46072 --- [restartedMain] o.apache.catalina.core.StandardService   : Starting service [Tomcat]
2022-08-05 20:51:17.669  INFO 46072 --- [restartedMain] org.apache.catalina.core.StandardEngine  : Starting Servlet engine: [Apache Tomcat/9.0.65]
2022-08-05 20:51:17.820  INFO 46072 --- [restartedMain] o.a.c.c.C.[Tomcat].[localhost].[/]       : Initializing Spring embedded WebApplicationContext
2022-08-05 20:51:17.821  INFO 46072 --- [restartedMain] w.s.c.ServletWebServerApplicationContext : Root WebApplicationContext: initialization completed in 818 ms
2022-08-05 20:51:18.051  INFO 46072 --- [restartedMain] o.s.b.d.a.OptionalLiveReloadServer       : LiveReload server is running on port 35729
2022-08-05 20:51:18.073  INFO 46072 --- [restartedMain] o.s.b.w.embedded.tomcat.TomcatWebServer  : Tomcat started on port(s): 80 (http) with context path ''
2022-08-05 20:51:18.078  INFO 46072 --- [restartedMain] com.eagle.DemoApplication                : Started DemoApplication in 1.154 seconds (JVM running for 85.291)
2022-08-05 20:51:18.080  INFO 46072 --- [restartedMain] .ConditionEvaluationDeltaLoggingListener : Condition evaluation unchanged
2022-08-05 20:51:20.500  INFO 46072 --- [Thread-15] com.alibaba.druid.pool.DruidDataSource   : {dataSource-0} closing ...
2022-08-05 20:51:20.584  INFO 46072 --- [restartedMain] com.eagle.DemoApplication                : Starting DemoApplication using Java 18.0.1.1 on LAPTOP-EA4JDAE9 with PID 46072 (C:\zzgit1\springboot-demo3\target\classes started by song6 in C:\zzgit1\springboot-demo3)
2022-08-05 20:51:20.585  INFO 46072 --- [restartedMain] com.eagle.DemoApplication                : No active profile set, falling back to 1 default profile: "default"
2022-08-05 20:51:20.993  INFO 46072 --- [restartedMain] o.s.b.w.embedded.tomcat.TomcatWebServer  : Tomcat initialized with port(s): 80 (http)
2022-08-05 20:51:20.995  INFO 46072 --- [restartedMain] o.apache.catalina.core.StandardService   : Starting service [Tomcat]
2022-08-05 20:51:20.995  INFO 46072 --- [restartedMain] org.apache.catalina.core.StandardEngine  : Starting Servlet engine: [Apache Tomcat/9.0.65]
2022-08-05 20:51:21.237  INFO 46072 --- [restartedMain] o.a.c.c.C.[Tomcat].[localhost].[/]       : Initializing Spring embedded WebApplicationContext
2022-08-05 20:51:21.237  INFO 46072 --- [restartedMain] w.s.c.ServletWebServerApplicationContext : Root WebApplicationContext: initialization completed in 648 ms
2022-08-05 20:51:21.403  INFO 46072 --- [restartedMain] o.s.b.d.a.OptionalLiveReloadServer       : LiveReload server is running on port 35729
2022-08-05 20:51:21.421  INFO 46072 --- [restartedMain] o.s.b.w.embedded.tomcat.TomcatWebServer  : Tomcat started on port(s): 80 (http) with context path ''
2022-08-05 20:51:21.423  INFO 46072 --- [restartedMain] com.eagle.DemoApplication                : Started DemoApplication in 0.879 seconds (JVM running for 88.637)
2022-08-05 20:51:21.426  INFO 46072 --- [restartedMain] .ConditionEvaluationDeltaLoggingListener : Condition evaluation unchanged
2022-08-05 20:51:30.410  INFO 46072 --- [http-nio-80-exec-3] o.a.c.c.C.[Tomcat].[localhost].[/]       : Initializing Spring DispatcherServlet 'dispatcherServlet'
2022-08-05 20:51:30.411  INFO 46072 --- [http-nio-80-exec-3] o.s.web.servlet.DispatcherServlet        : Initializing Servlet 'dispatcherServlet'
2022-08-05 20:51:30.412  INFO 46072 --- [http-nio-80-exec-3] o.s.web.servlet.DispatcherServlet        : Completed initialization in 1 ms
2022-08-05 20:51:30.414  WARN 46072 --- [http-nio-80-exec-3] com.eagle.controller.BookcController     : warn...
2022-08-05 20:51:30.414 ERROR 46072 --- [http-nio-80-exec-3] com.eagle.controller.BookcController     : error...
2022-08-05 20:51:36.130  INFO 46072 --- [SpringApplicationShutdownHook] com.alibaba.druid.pool.DruidDataSource   : {dataSource-0} closing ...
